<?xml version="1.0" encoding="UTF-8"?>
<testng-results skipped="0" failed="1" ignored="2" total="7" passed="4">
  <reporter-output>
  </reporter-output>
  <suite name="Suite" duration-ms="128795" started-at="2019-06-25T11:03:34Z" finished-at="2019-06-25T11:05:43Z">
    <groups>
    </groups>
    <test name="Test" duration-ms="128795" started-at="2019-06-25T11:03:34Z" finished-at="2019-06-25T11:05:43Z">
      <class name="com.moofwd.fmuTestExtent.fmuTestExtentAndroid.FAQAndroid">
        <test-method status="PASS" signature="setUp()[pri:0, instance:com.moofwd.fmuTestExtent.fmuTestExtentAndroid.FAQAndroid@370736d9]" name="setUp" is-config="true" duration-ms="92" started-at="2019-06-25T16:35:26Z" finished-at="2019-06-25T16:35:26Z">
          <reporter-output>
          </reporter-output>
        </test-method> <!-- setUp -->
        <test-method status="PASS" signature="click_On_FAQ()[pri:12, instance:com.moofwd.fmuTestExtent.fmuTestExtentAndroid.FAQAndroid@370736d9]" name="click_On_FAQ" duration-ms="16554" started-at="2019-06-25T16:35:26Z" finished-at="2019-06-25T16:35:43Z">
          <reporter-output>
          </reporter-output>
        </test-method> <!-- click_On_FAQ -->
        <test-method status="PASS" signature="getResult(org.testng.ITestResult)[pri:0, instance:com.moofwd.fmuTestExtent.fmuTestExtentAndroid.FAQAndroid@370736d9]" name="getResult" is-config="true" duration-ms="0" started-at="2019-06-25T16:35:43Z" finished-at="2019-06-25T16:35:43Z">
          <params>
            <param index="0">
              <value>
                <![CDATA[[TestResult name=click_On_FAQ status=SUCCESS method=FAQAndroid.click_On_FAQ()[pri:12, instance:com.moofwd.fmuTestExtent.fmuTestExtentAndroid.FAQAndroid@370736d9] output={null}]]]>
              </value>
            </param>
          </params>
          <reporter-output>
          </reporter-output>
        </test-method> <!-- getResult -->
      </class> <!-- com.moofwd.fmuTestExtent.fmuTestExtentAndroid.FAQAndroid -->
      <class name="com.moofwd.fmuTestExtent.fmuTestExtentAndroid.PublicDashboardAndroid">
        <test-method status="PASS" signature="init()[pri:0, instance:com.moofwd.fmuTestExtent.fmuTestExtentAndroid.PublicDashboardAndroid@3108bc]" name="init" is-config="true" duration-ms="8282" started-at="2019-06-25T16:33:26Z" finished-at="2019-06-25T16:33:34Z">
          <reporter-output>
          </reporter-output>
        </test-method> <!-- init -->
        <test-method status="PASS" signature="setUp()[pri:0, instance:com.moofwd.fmuTestExtent.fmuTestExtentAndroid.PublicDashboardAndroid@3108bc]" name="setUp" is-config="true" duration-ms="245" started-at="2019-06-25T16:33:34Z" finished-at="2019-06-25T16:33:34Z">
          <reporter-output>
          </reporter-output>
        </test-method> <!-- setUp -->
        <test-method status="PASS" signature="clickOnArrow()[pri:1, instance:com.moofwd.fmuTestExtent.fmuTestExtentAndroid.PublicDashboardAndroid@3108bc]" name="clickOnArrow" duration-ms="1029" started-at="2019-06-25T16:33:34Z" finished-at="2019-06-25T16:33:35Z">
          <reporter-output>
          </reporter-output>
        </test-method> <!-- clickOnArrow -->
        <test-method status="PASS" signature="getResult(org.testng.ITestResult)[pri:0, instance:com.moofwd.fmuTestExtent.fmuTestExtentAndroid.PublicDashboardAndroid@3108bc]" name="getResult" is-config="true" duration-ms="1" started-at="2019-06-25T16:33:35Z" finished-at="2019-06-25T16:33:35Z">
          <params>
            <param index="0">
              <value>
                <![CDATA[[TestResult name=clickOnArrow status=SUCCESS method=PublicDashboardAndroid.clickOnArrow()[pri:1, instance:com.moofwd.fmuTestExtent.fmuTestExtentAndroid.PublicDashboardAndroid@3108bc] output={null}]]]>
              </value>
            </param>
          </params>
          <reporter-output>
          </reporter-output>
        </test-method> <!-- getResult -->
        <test-method status="PASS" signature="clickOn_Ir_Para_O_LogIn()[pri:2, instance:com.moofwd.fmuTestExtent.fmuTestExtentAndroid.PublicDashboardAndroid@3108bc]" name="clickOn_Ir_Para_O_LogIn" duration-ms="940" started-at="2019-06-25T16:33:35Z" finished-at="2019-06-25T16:33:36Z">
          <reporter-output>
          </reporter-output>
        </test-method> <!-- clickOn_Ir_Para_O_LogIn -->
        <test-method status="PASS" signature="getResult(org.testng.ITestResult)[pri:0, instance:com.moofwd.fmuTestExtent.fmuTestExtentAndroid.PublicDashboardAndroid@3108bc]" name="getResult" is-config="true" duration-ms="0" started-at="2019-06-25T16:33:36Z" finished-at="2019-06-25T16:33:36Z">
          <params>
            <param index="0">
              <value>
                <![CDATA[[TestResult name=clickOn_Ir_Para_O_LogIn status=SUCCESS method=PublicDashboardAndroid.clickOn_Ir_Para_O_LogIn()[pri:2, instance:com.moofwd.fmuTestExtent.fmuTestExtentAndroid.PublicDashboardAndroid@3108bc] output={null}]]]>
              </value>
            </param>
          </params>
          <reporter-output>
          </reporter-output>
        </test-method> <!-- getResult -->
        <test-method status="PASS" signature="credentials_Enter_LogIn()[pri:3, instance:com.moofwd.fmuTestExtent.fmuTestExtentAndroid.PublicDashboardAndroid@3108bc]" name="credentials_Enter_LogIn" duration-ms="18363" started-at="2019-06-25T16:33:36Z" finished-at="2019-06-25T16:33:54Z">
          <reporter-output>
          </reporter-output>
        </test-method> <!-- credentials_Enter_LogIn -->
        <test-method status="PASS" signature="getResult(org.testng.ITestResult)[pri:0, instance:com.moofwd.fmuTestExtent.fmuTestExtentAndroid.PublicDashboardAndroid@3108bc]" name="getResult" is-config="true" duration-ms="0" started-at="2019-06-25T16:33:54Z" finished-at="2019-06-25T16:33:54Z">
          <params>
            <param index="0">
              <value>
                <![CDATA[[TestResult name=credentials_Enter_LogIn status=SUCCESS method=PublicDashboardAndroid.credentials_Enter_LogIn()[pri:3, instance:com.moofwd.fmuTestExtent.fmuTestExtentAndroid.PublicDashboardAndroid@3108bc] output={null}]]]>
              </value>
            </param>
          </params>
          <reporter-output>
          </reporter-output>
        </test-method> <!-- getResult -->
        <test-method status="FAIL" signature="clickOn_Li_e_concordo()[pri:4, instance:com.moofwd.fmuTestExtent.fmuTestExtentAndroid.PublicDashboardAndroid@3108bc]" name="clickOn_Li_e_concordo" duration-ms="90969" started-at="2019-06-25T16:33:54Z" finished-at="2019-06-25T16:35:25Z">
          <exception class="org.openqa.selenium.NoSuchElementException">
            <message>
              <![CDATA[Can't locate an element by this strategy: By.chained({By.xpath: /hierarchy/android.widget.FrameLayout/android.widget.LinearLayout/android.widget.FrameLayout/android.view.ViewGroup/android.widget.FrameLayout/android.widget.LinearLayout/android.widget.RelativeLayout/android.widget.RelativeLayout/android.widget.RelativeLayout/android.widget.LinearLayout/android.widget.TextView})]]>
            </message>
            <full-stacktrace>
              <![CDATA[org.openqa.selenium.NoSuchElementException: Can't locate an element by this strategy: By.chained({By.xpath: /hierarchy/android.widget.FrameLayout/android.widget.LinearLayout/android.widget.FrameLayout/android.view.ViewGroup/android.widget.FrameLayout/android.widget.LinearLayout/android.widget.RelativeLayout/android.widget.RelativeLayout/android.widget.RelativeLayout/android.widget.LinearLayout/android.widget.TextView})
	at io.appium.java_client.pagefactory.AppiumElementLocator.findElement(AppiumElementLocator.java:126)
	at io.appium.java_client.pagefactory.interceptors.InterceptorOfASingleElement.intercept(InterceptorOfASingleElement.java:59)
	at io.appium.java_client.android.AndroidElement$$EnhancerByCGLIB$$b598166c.click(<generated>)
	at com.moofwd.pages.PublicDashboardPageAndroidFactory.clickOnLiEConcordoAndroidFunction(PublicDashboardPageAndroidFactory.java:66)
	at com.moofwd.fmuTestExtent.fmuTestExtentAndroid.PublicDashboardAndroid.clickOn_Li_e_concordo(PublicDashboardAndroid.java:94)
	at sun.reflect.NativeMethodAccessorImpl.invoke0(Native Method)
	at sun.reflect.NativeMethodAccessorImpl.invoke(NativeMethodAccessorImpl.java:62)
	at sun.reflect.DelegatingMethodAccessorImpl.invoke(DelegatingMethodAccessorImpl.java:43)
	at java.lang.reflect.Method.invoke(Method.java:498)
	at org.testng.internal.MethodInvocationHelper.invokeMethod(MethodInvocationHelper.java:104)
	at org.testng.internal.Invoker.invokeMethod(Invoker.java:645)
	at org.testng.internal.Invoker.invokeTestMethod(Invoker.java:851)
	at org.testng.internal.Invoker.invokeTestMethods(Invoker.java:1177)
	at org.testng.internal.TestMethodWorker.invokeTestMethods(TestMethodWorker.java:129)
	at org.testng.internal.TestMethodWorker.run(TestMethodWorker.java:112)
	at org.testng.TestRunner.privateRun(TestRunner.java:756)
	at org.testng.TestRunner.run(TestRunner.java:610)
	at org.testng.SuiteRunner.runTest(SuiteRunner.java:387)
	at org.testng.SuiteRunner.runSequentially(SuiteRunner.java:382)
	at org.testng.SuiteRunner.privateRun(SuiteRunner.java:340)
	at org.testng.SuiteRunner.run(SuiteRunner.java:289)
	at org.testng.SuiteRunnerWorker.runSuite(SuiteRunnerWorker.java:52)
	at org.testng.SuiteRunnerWorker.run(SuiteRunnerWorker.java:86)
	at org.testng.TestNG.runSuitesSequentially(TestNG.java:1293)
	at org.testng.TestNG.runSuitesLocally(TestNG.java:1218)
	at org.testng.TestNG.runSuites(TestNG.java:1133)
	at org.testng.TestNG.run(TestNG.java:1104)
	at org.testng.remote.AbstractRemoteTestNG.run(AbstractRemoteTestNG.java:132)
	at org.testng.remote.RemoteTestNG.initAndRun(RemoteTestNG.java:236)
	at org.testng.remote.RemoteTestNG.main(RemoteTestNG.java:81)
Caused by: org.openqa.selenium.TimeoutException: Expected condition failed: waiting for io.appium.java_client.pagefactory.AppiumElementLocator$WaitingFunction@24111ef1 (tried for 1 second(s) with 500 milliseconds interval)
	at org.openqa.selenium.support.ui.FluentWait.timeoutException(FluentWait.java:315)
	at org.openqa.selenium.support.ui.FluentWait.until(FluentWait.java:283)
	at io.appium.java_client.pagefactory.AppiumElementLocator.waitFor(AppiumElementLocator.java:99)
	at io.appium.java_client.pagefactory.AppiumElementLocator.findElement(AppiumElementLocator.java:119)
	... 29 more
Caused by: org.openqa.selenium.NoSuchElementException: Cannot locate an element using By.chained({By.xpath: /hierarchy/android.widget.FrameLayout/android.widget.LinearLayout/android.widget.FrameLayout/android.view.ViewGroup/android.widget.FrameLayout/android.widget.LinearLayout/android.widget.RelativeLayout/android.widget.RelativeLayout/android.widget.RelativeLayout/android.widget.LinearLayout/android.widget.TextView})
For documentation on this error, please visit: http://seleniumhq.org/exceptions/no_such_element.html
Build info: version: '3.14.0', revision: 'aacccce0', time: '2018-08-02T20:19:58.91Z'
System info: host: 'Darshans-MacBook-Pro.local', ip: 'fe80:0:0:0:1cb4:de8c:e71a:2d9f%en0', os.name: 'Mac OS X', os.arch: 'x86_64', os.version: '10.14.4', java.version: '1.8.0_201'
Driver info: driver.version: AndroidDriver
	at io.appium.java_client.pagefactory.bys.builder.ByChained.findElement(ByChained.java:74)
	at org.openqa.selenium.remote.RemoteWebDriver.findElement(RemoteWebDriver.java:314)
	at io.appium.java_client.DefaultGenericMobileDriver.findElement(DefaultGenericMobileDriver.java:58)
	at io.appium.java_client.AppiumDriver.findElement(AppiumDriver.java:1)
	at io.appium.java_client.android.AndroidDriver.findElement(AndroidDriver.java:1)
	at io.appium.java_client.pagefactory.bys.ContentMappedBy.findElement(ContentMappedBy.java:50)
	at org.openqa.selenium.remote.RemoteWebDriver.findElement(RemoteWebDriver.java:314)
	at io.appium.java_client.DefaultGenericMobileDriver.findElement(DefaultGenericMobileDriver.java:58)
	at io.appium.java_client.AppiumDriver.findElement(AppiumDriver.java:1)
	at io.appium.java_client.android.AndroidDriver.findElement(AndroidDriver.java:1)
	at io.appium.java_client.pagefactory.AppiumElementLocator.lambda$0(AppiumElementLocator.java:120)
	at io.appium.java_client.pagefactory.AppiumElementLocator$WaitingFunction.apply(AppiumElementLocator.java:172)
	at io.appium.java_client.pagefactory.AppiumElementLocator$WaitingFunction.apply(AppiumElementLocator.java:1)
	at org.openqa.selenium.support.ui.FluentWait.until(FluentWait.java:260)
	... 31 more
]]>
            </full-stacktrace>
          </exception> <!-- org.openqa.selenium.NoSuchElementException -->
          <reporter-output>
          </reporter-output>
        </test-method> <!-- clickOn_Li_e_concordo -->
        <test-method status="PASS" signature="getResult(org.testng.ITestResult)[pri:0, instance:com.moofwd.fmuTestExtent.fmuTestExtentAndroid.PublicDashboardAndroid@3108bc]" name="getResult" is-config="true" duration-ms="574" started-at="2019-06-25T16:35:25Z" finished-at="2019-06-25T16:35:26Z">
          <params>
            <param index="0">
              <value>
                <![CDATA[[TestResult name=clickOn_Li_e_concordo status=FAILURE method=PublicDashboardAndroid.clickOn_Li_e_concordo()[pri:4, instance:com.moofwd.fmuTestExtent.fmuTestExtentAndroid.PublicDashboardAndroid@3108bc] output={null}]]]>
              </value>
            </param>
          </params>
          <reporter-output>
          </reporter-output>
        </test-method> <!-- getResult -->
        <test-method status="PASS" signature="tearDown()[pri:0, instance:com.moofwd.fmuTestExtent.fmuTestExtentAndroid.PublicDashboardAndroid@3108bc]" name="tearDown" is-config="true" duration-ms="733" started-at="2019-06-25T16:35:48Z" finished-at="2019-06-25T16:35:48Z">
          <reporter-output>
          </reporter-output>
        </test-method> <!-- tearDown -->
      </class> <!-- com.moofwd.fmuTestExtent.fmuTestExtentAndroid.PublicDashboardAndroid -->
    </test> <!-- Test -->
  </suite> <!-- Suite -->
</testng-results>
